<?xml version="1.0" encoding="UTF-8"?>
<testsuites name="Mocha Tests" time="0.418" tests="1" failures="0">
	<testsuite name="Root Suite" timestamp="2025-12-29T10:49:26" tests="0" time="0.000" failures="0">
	</testsuite>
	<testsuite name="Error Serializer Test Cases" timestamp="2025-12-29T10:49:26" tests="1" file="/home/vish/Work/twyr/entity-value-aggregate-server/packages/error-serializer/tests/index.spec.cjs" time="0.417" failures="0">
		<testcase name="Error Serializer Test Cases Global Snooze for 400ms" time="0.412" classname="Global Snooze for 400ms">
		</testcase>
	</testsuite>
</testsuites>
