<?xml version="1.0" encoding="UTF-8"?>
<testsuites name="Mocha Tests" time="0.417" tests="1" failures="0">
  <testsuite name="Root Suite" timestamp="2025-12-29T11:37:15" tests="0" time="0.000" failures="0">
  </testsuite>
  <testsuite name="Server Dependency Manager Test Cases" timestamp="2025-12-29T11:37:15" tests="1" file="/home/vish/Work/twyr/entity-value-aggregate-server/packages/server-dependency-manager/tests/index.spec.cjs" time="0.416" failures="0">
    <testcase name="Server Dependency Manager Test Cases Global Snooze for 400ms" time="0.415" classname="Global Snooze for 400ms">
    </testcase>
  </testsuite>
</testsuites>